<?xml version="1.0" encoding="UTF-8"?>
<!-- Generated by org.testng.reporters.JUnitReportReporter -->
<testsuite hostname="SIVA-DESKTOP" failures="0" tests="2" name="testCases.LoginTest" time="8.742" errors="0" timestamp="23 Apr 2023 07:28:47 GMT" skipped="0">
  <testcase classname="testCases.LoginTest" name="positiveTest" time="4.469"/>
  <testcase classname="testCases.LoginTest" name="negativeTest" time="4.273"/>
</testsuite> <!-- testCases.LoginTest -->
