<?xml version="1.0" encoding="UTF-8"?>
<!-- Generated by org.testng.reporters.JUnitReportReporter -->
<testsuite hostname="SIVA-DESKTOP" failures="0" tests="1" name="testCases.HomeTest" time="8.036" errors="0" timestamp="22 Apr 2023 07:33:23 GMT" skipped="0">
  <testcase classname="testCases.HomeTest" name="test3" time="8.036"/>
</testsuite> <!-- testCases.HomeTest -->
