<?xml version="1.0" encoding="UTF-8"?>
<!-- Generated by org.testng.reporters.JUnitReportReporter -->
<testsuite hostname="SIVA-DESKTOP" failures="0" tests="2" name="testCases.LoginTest" time="9.771" errors="0" timestamp="23 Apr 2023 07:27:07 GMT" skipped="0">
  <testcase classname="testCases.LoginTest" name="positiveTest" time="4.290"/>
  <testcase classname="testCases.LoginTest" name="negativeTest" time="5.481"/>
</testsuite> <!-- testCases.LoginTest -->
